<?xml version="1.0" encoding="UTF-8"?>
<Site BuildName="(empty)"
	BuildStamp="20221213-0402-Experimental"
	Name="cris-P-PH315-53"
	Generator="ctest-3.16.3"
	CompilerName="/usr/bin/g++"
	CompilerVersion="9.4.0"
	OSName="Linux"
	Hostname="cris-P-PH315-53"
	OSRelease="5.15.0-57-generic"
	OSVersion="#63~20.04.1-Ubuntu SMP Wed Nov 30 13:40:16 UTC 2022"
	OSPlatform="x86_64"
	Is64Bits="1"
	VendorString="GenuineIntel"
	VendorID="Intel Corporation"
	FamilyID="6"
	ModelID="165"
	ProcessorCacheSize="16384"
	NumberOfLogicalCPU="16"
	NumberOfPhysicalCPU="8"
	TotalVirtualMemory="2047"
	TotalPhysicalMemory="31933"
	LogicalProcessorsPerPhysical="2"
	ProcessorClockFrequency="2200"
	>
	<Testing>
		<StartDateTime>Dec 13 08:02 +04</StartDateTime>
		<StartTestTime>1670904141</StartTestTime>
		<TestList/>
		<EndDateTime>Dec 13 08:02 +04</EndDateTime>
		<EndTestTime>1670904141</EndTestTime>
		<ElapsedMinutes>0</ElapsedMinutes>
	</Testing>
</Site>
